0 verbose cli /home/sesame-minmin/.nvm/versions/node/v18.16.0/bin/node /home/sesame-minmin/.nvm/versions/node/v18.16.0/bin/npm
1 info using npm@9.5.1
2 info using node@v18.16.0
3 timing npm:load:whichnode Completed in 2ms
4 timing config:load:defaults Completed in 1ms
5 timing config:load:file:/home/sesame-minmin/.nvm/versions/node/v18.16.0/lib/node_modules/npm/npmrc Completed in 1ms
6 timing config:load:builtin Completed in 1ms
7 timing config:load:cli Completed in 1ms
8 timing config:load:env Completed in 0ms
9 timing config:load:project Completed in 1ms
10 timing config:load:file:/home/sesame-minmin/.npmrc Completed in 1ms
11 timing config:load:user Completed in 1ms
12 timing config:load:file:/home/sesame-minmin/.nvm/versions/node/v18.16.0/etc/npmrc Completed in 0ms
13 timing config:load:global Completed in 0ms
14 timing config:load:setEnvs Completed in 1ms
15 timing config:load Completed in 7ms
16 timing npm:load:configload Completed in 7ms
17 timing npm:load:mkdirpcache Completed in 1ms
18 timing npm:load:mkdirplogs Completed in 0ms
19 verbose title npm i
20 verbose argv "i"
21 timing npm:load:setTitle Completed in 1ms
22 timing config:load:flatten Completed in 3ms
23 timing npm:load:display Completed in 4ms
24 verbose logfile logs-max:10 dir:/home/sesame-minmin/.npm/_logs/2023-06-18T04_52_53_211Z-
25 verbose logfile /home/sesame-minmin/.npm/_logs/2023-06-18T04_52_53_211Z-debug-0.log
26 timing npm:load:logFile Completed in 4ms
27 timing npm:load:timers Completed in 0ms
28 timing npm:load:configScope Completed in 0ms
29 timing npm:load Completed in 19ms
30 timing config:load:flatten Completed in 1ms
31 timing arborist:ctor Completed in 1ms
32 silly logfile start cleaning logs, removing 3 files
33 timing idealTree:init Completed in 8ms
34 timing idealTree:userRequests Completed in 1ms
35 silly idealTree buildDeps
36 timing idealTree:#root Completed in 0ms
37 timing idealTree:buildDeps Completed in 1ms
38 timing idealTree:fixDepFlags Completed in 0ms
39 timing idealTree Completed in 10ms
40 silly logfile done cleaning log files
41 timing reify:loadTrees Completed in 12ms
42 timing reify:diffTrees Completed in 0ms
43 silly reify moves {}
44 timing reify:retireShallow Completed in 0ms
45 timing reify:createSparse Completed in 0ms
46 timing reify:loadBundles Completed in 0ms
47 timing reify:unpack Completed in 0ms
48 timing reify:unretire Completed in 0ms
49 timing build:queue Completed in 0ms
50 timing build:deps Completed in 1ms
51 timing build Completed in 1ms
52 timing reify:build Completed in 1ms
53 timing reify:trash Completed in 0ms
54 timing reify:save Completed in 2ms
55 timing reify Completed in 23ms
56 timing command:i Completed in 27ms
57 verbose stack Error: ENOENT: no such file or directory, open '/home/sesame-minmin/package.json'
58 verbose cwd /home/sesame-minmin
59 verbose Linux 5.15.90.1-microsoft-standard-WSL2
60 verbose node v18.16.0
61 verbose npm  v9.5.1
62 error code ENOENT
63 error syscall open
64 error path /home/sesame-minmin/package.json
65 error errno -2
66 error enoent ENOENT: no such file or directory, open '/home/sesame-minmin/package.json'
67 error enoent This is related to npm not being able to find a file.
67 error enoent
68 verbose exit -2
69 timing npm Completed in 63ms
70 verbose code -2
71 error A complete log of this run can be found in:
71 error     /home/sesame-minmin/.npm/_logs/2023-06-18T04_52_53_211Z-debug-0.log
