0 verbose cli /home/sesame-minmin/.nvm/versions/node/v18.16.0/bin/node /home/sesame-minmin/.nvm/versions/node/v18.16.0/bin/npm
1 info using npm@9.5.1
2 info using node@v18.16.0
3 timing npm:load:whichnode Completed in 1ms
4 timing config:load:defaults Completed in 1ms
5 timing config:load:file:/home/sesame-minmin/.nvm/versions/node/v18.16.0/lib/node_modules/npm/npmrc Completed in 0ms
6 timing config:load:builtin Completed in 1ms
7 timing config:load:cli Completed in 1ms
8 timing config:load:env Completed in 0ms
9 timing config:load:project Completed in 1ms
10 timing config:load:file:/home/sesame-minmin/.npmrc Completed in 0ms
11 timing config:load:user Completed in 0ms
12 timing config:load:file:/home/sesame-minmin/.nvm/versions/node/v18.16.0/etc/npmrc Completed in 0ms
13 timing config:load:global Completed in 0ms
14 timing config:load:setEnvs Completed in 1ms
15 timing config:load Completed in 5ms
16 timing npm:load:configload Completed in 5ms
17 timing npm:load:mkdirpcache Completed in 0ms
18 timing npm:load:mkdirplogs Completed in 0ms
19 verbose title npm run dev
20 verbose argv "run" "dev"
21 timing npm:load:setTitle Completed in 0ms
22 timing config:load:flatten Completed in 2ms
23 timing npm:load:display Completed in 3ms
24 verbose logfile logs-max:10 dir:/home/sesame-minmin/.npm/_logs/2023-06-18T06_54_49_255Z-
25 verbose logfile /home/sesame-minmin/.npm/_logs/2023-06-18T06_54_49_255Z-debug-0.log
26 timing npm:load:logFile Completed in 4ms
27 timing npm:load:timers Completed in 0ms
28 timing npm:load:configScope Completed in 0ms
29 timing npm:load Completed in 15ms
30 silly logfile start cleaning logs, removing 2 files
31 silly logfile done cleaning log files
32 timing command:run Completed in 6ms
33 verbose stack Error: Missing script: "dev"
33 verbose stack
33 verbose stack To see a list of scripts, run:
33 verbose stack   npm run
33 verbose stack     at RunScript.run (/home/sesame-minmin/.nvm/versions/node/v18.16.0/lib/node_modules/npm/lib/commands/run-script.js:99:13)
33 verbose stack     at async module.exports (/home/sesame-minmin/.nvm/versions/node/v18.16.0/lib/node_modules/npm/lib/cli.js:134:5)
34 verbose cwd /home/sesame-minmin
35 verbose Linux 5.15.90.1-microsoft-standard-WSL2
36 verbose node v18.16.0
37 verbose npm  v9.5.1
38 error Missing script: "dev"
38 error
38 error To see a list of scripts, run:
38 error   npm run
39 verbose exit 1
40 timing npm Completed in 31ms
41 verbose code 1
42 error A complete log of this run can be found in:
42 error     /home/sesame-minmin/.npm/_logs/2023-06-18T06_54_49_255Z-debug-0.log
