0 verbose cli /home/sesame-minmin/.nvm/versions/node/v18.16.0/bin/node /home/sesame-minmin/.nvm/versions/node/v18.16.0/bin/npm
1 info using npm@9.7.1
2 info using node@v18.16.0
3 timing npm:load:whichnode Completed in 1ms
4 timing config:load:defaults Completed in 1ms
5 timing config:load:file:/home/sesame-minmin/.nvm/versions/node/v18.16.0/lib/node_modules/npm/npmrc Completed in 4ms
6 timing config:load:builtin Completed in 4ms
7 timing config:load:cli Completed in 3ms
8 timing config:load:env Completed in 0ms
9 timing config:load:project Completed in 1ms
10 timing config:load:file:/home/sesame-minmin/.npmrc Completed in 2ms
0 verbose cli /home/sesame-minmin/.nvm/versions/node/v18.16.0/bin/node /home/sesame-minmin/.nvm/versions/node/v18.16.0/bin/npm
11 timing config:load:user Completed in 2ms
12 timing config:load:file:/home/sesame-minmin/.nvm/versions/node/v18.16.0/etc/npmrc Completed in 0ms
13 timing config:load:global Completed in 1ms
14 timing config:load:setEnvs Completed in 1ms
15 timing config:load Completed in 13ms
1 info using npm@9.7.1
2 info using node@v18.16.0
16 timing npm:load:configload Completed in 13ms
17 timing config:load:flatten Completed in 2ms
18 timing npm:load:mkdirpcache Completed in 0ms
19 timing npm:load:mkdirplogs Completed in 0ms
20 verbose title npm config get prefix
21 verbose argv "config" "--loglevel" "warn" "get" "prefix"
22 timing npm:load:setTitle Completed in 0ms
23 timing npm:load:display Completed in 1ms
3 timing npm:load:whichnode Completed in 1ms
4 timing config:load:defaults Completed in 1ms
5 timing config:load:file:/home/sesame-minmin/.nvm/versions/node/v18.16.0/lib/node_modules/npm/npmrc Completed in 3ms
6 timing config:load:builtin Completed in 3ms
7 timing config:load:cli Completed in 3ms
8 timing config:load:env Completed in 1ms
9 timing config:load:project Completed in 3ms
24 verbose logfile logs-max:10 dir:/home/sesame-minmin/.npm/_logs/2023-06-19T06_15_31_750Z-
10 timing config:load:file:/home/sesame-minmin/.npmrc Completed in 0ms
11 timing config:load:user Completed in 0ms
12 timing config:load:file:/home/sesame-minmin/.nvm/versions/node/v18.16.0/etc/npmrc Completed in 1ms
13 timing config:load:global Completed in 1ms
14 timing config:load:setEnvs Completed in 1ms
15 timing config:load Completed in 13ms
16 timing npm:load:configload Completed in 13ms
17 timing config:load:flatten Completed in 2ms
18 timing npm:load:mkdirpcache Completed in 1ms
19 timing npm:load:mkdirplogs Completed in 0ms
20 verbose title npm config get prefix
21 verbose argv "config" "--loglevel" "warn" "get" "prefix"
22 timing npm:load:setTitle Completed in 1ms
23 timing npm:load:display Completed in 0ms
24 verbose logfile logs-max:10 dir:/home/sesame-minmin/.npm/_logs/2023-06-19T06_15_31_750Z-
25 verbose logfile /home/sesame-minmin/.npm/_logs/2023-06-19T06_15_31_750Z-debug-0.log
26 timing npm:load:logFile Completed in 8ms
27 timing npm:load:timers Completed in 0ms
25 verbose logfile /home/sesame-minmin/.npm/_logs/2023-06-19T06_15_31_750Z-debug-0.log
28 timing npm:load:configScope Completed in 0ms
29 timing npm:load Completed in 37ms
26 timing npm:load:logFile Completed in 8ms
27 timing npm:load:timers Completed in 0ms
28 timing npm:load:configScope Completed in 0ms
29 timing npm:load Completed in 37ms
30 timing command:config Completed in 2ms
30 timing command:config Completed in 2ms
31 verbose exit 0
31 verbose exit 0
32 timing npm Completed in 98ms
32 timing npm Completed in 98ms
33 info ok
33 info ok
